<?xml version="1.0" encoding="UTF-8"?>
<!-- Generated by org.testng.reporters.JUnitReportReporter -->
<testsuite hostname="NBP" failures="0" tests="1" name="com.resonance.screenshot.ScreenShotA" time="63.866" errors="0" timestamp="2022-06-02T16:36:44 IST" skipped="0">
  <testcase classname="com.resonance.screenshot.ScreenShotA" name="takeScreenShot" time="63.866"/>
  <system-out/>
</testsuite> <!-- com.resonance.screenshot.ScreenShotA -->
