<?xml version="1.0" encoding="UTF-8"?>
<!-- Generated by org.testng.reporters.JUnitReportReporter -->
<testsuite hostname="NBP" failures="0" tests="1" name="com.resonance.regression.HomePageTests" time="37.204" errors="0" timestamp="2022-05-13T16:16:57 IST" skipped="0">
  <testcase classname="com.resonance.regression.HomePageTests" name="confirmationAlertOpen" time="37.204"/>
  <system-out/>
</testsuite> <!-- com.resonance.regression.HomePageTests -->
